<?xml version="1.0" encoding="utf-8"?><testsuites name="pytest tests"><testsuite name="pytest" errors="0" failures="0" skipped="0" tests="11" time="1.604" timestamp="2026-09-16T19:27:51.872089+00:00" hostname="agent-env-534c9a01-1c9d-4839-bc73-b0e53de50ddd"><testcase classname="tests.test_correios.TestSettings" name="test_get_default_settings" time="0.399" /><testcase classname="tests.test_correios.TestPrepostagem" name="test_create" time="0.378" /><testcase classname="tests.test_correios.TestPrepostagem" name="test_etiqueta" time="0.142" /><testcase classname="tests.test_correios.TestSettings" name="test_save_and_mask_preserved" time="0.220" /><testcase classname="tests.test_correios.TestPrepostagem" name="test_list_and_filter" time="0.143" /><testcase classname="tests.test_correios.TestSettings" name="test_test_connection_demo" time="0.188" /><testcase classname="tests.test_correios.TestPrepostagem" name="test_cancelar" time="0.198" /><testcase classname="tests.test_correios.TestRastreamento" name="test_valid" time="0.099" /><testcase classname="tests.test_correios.TestFrete" name="test_calcular" time="0.114" /><testcase classname="tests.test_correios.TestRastreamento" name="test_invalid_length" time="0.091" /><testcase classname="tests.test_correios.TestDashboard" name="test_stats" time="0.077" /></testsuite></testsuites>